生成启动时间为 2020/3/11 22:59:26。
     1>项目“D:\DAQcard\rec_fifo_single\rec_single_average.vcxproj”在节点 2 上(Build 个目标)。
     1>C:\Program Files (x86)\MSBuild\Microsoft.Cpp\v4.0\V120\Microsoft.CppBuild.targets(388,5): warning MSB8028: The intermediate directory (.\Debug\) contains files shared from another project (rec_fifo_single_poll.vcxproj, rec_single_binaryfile.vcxproj).  This can lead to incorrect clean and rebuild behavior.
     1>ClCompile:
         D:\Program Files\VC\bin\CL.exe /c /ZI /nologo /W3 /WX- /Od /Oy- /D WIN32 /D _DEBUG /D _CONSOLE /D _VC80_UPGRADE=0x0600 /D _MBCS /Gm /EHsc /RTC1 /MTd /GS /Gy- /fp:precise /Zc:wchar_t /Zc:forScope /Fo".\Debug\\" /Fd".\Debug\vc120.pdb" /Gd /TP /analyze- /errorReport:prompt ..\common\spcm_lib_data.cpp IQdm.cpp rec_single_average.cpp
         rec_single_average.cpp
         IQdm.cpp
         spcm_lib_data.cpp
     1>d:\daqcard\common\spcm_lib_data.cpp(207): warning C4996: 'sprintf': This function or variable may be unsafe. Consider using sprintf_s instead. To disable deprecation, use _CRT_SECURE_NO_WARNINGS. See online help for details.
                 d:\program files\vc\include\stdio.h(356) : 参见“sprintf”的声明
     1>d:\daqcard\common\spcm_lib_data.cpp(471): warning C4996: 'strcpy': This function or variable may be unsafe. Consider using strcpy_s instead. To disable deprecation, use _CRT_SECURE_NO_WARNINGS. See online help for details.
                 d:\program files\vc\include\string.h(112) : 参见“strcpy”的声明
     1>d:\daqcard\common\spcm_lib_data.cpp(477): warning C4996: 'sprintf': This function or variable may be unsafe. Consider using sprintf_s instead. To disable deprecation, use _CRT_SECURE_NO_WARNINGS. See online help for details.
                 d:\program files\vc\include\stdio.h(356) : 参见“sprintf”的声明
     1>d:\daqcard\common\spcm_lib_data.cpp(478): warning C4996: 'sprintf': This function or variable may be unsafe. Consider using sprintf_s instead. To disable deprecation, use _CRT_SECURE_NO_WARNINGS. See online help for details.
                 d:\program files\vc\include\stdio.h(356) : 参见“sprintf”的声明
     1>d:\daqcard\common\spcm_lib_data.cpp(479): warning C4996: 'sprintf': This function or variable may be unsafe. Consider using sprintf_s instead. To disable deprecation, use _CRT_SECURE_NO_WARNINGS. See online help for details.
                 d:\program files\vc\include\stdio.h(356) : 参见“sprintf”的声明
     1>d:\daqcard\common\spcm_lib_data.cpp(482): warning C4996: 'strcpy': This function or variable may be unsafe. Consider using strcpy_s instead. To disable deprecation, use _CRT_SECURE_NO_WARNINGS. See online help for details.
                 d:\program files\vc\include\string.h(112) : 参见“strcpy”的声明
     1>d:\daqcard\common\spcm_lib_data.cpp(579): warning C4996: 'sprintf': This function or variable may be unsafe. Consider using sprintf_s instead. To disable deprecation, use _CRT_SECURE_NO_WARNINGS. See online help for details.
                 d:\program files\vc\include\stdio.h(356) : 参见“sprintf”的声明
     1>d:\daqcard\common\spcm_lib_data.cpp(641): warning C4996: 'sprintf': This function or variable may be unsafe. Consider using sprintf_s instead. To disable deprecation, use _CRT_SECURE_NO_WARNINGS. See online help for details.
                 d:\program files\vc\include\stdio.h(356) : 参见“sprintf”的声明
         正在生成代码...
       Link:
         D:\Program Files\VC\bin\link.exe /ERRORREPORT:PROMPT /OUT:".\Debug\rec_single_average.exe" /INCREMENTAL /NOLOGO odbc32.lib odbccp32.lib kernel32.lib user32.lib gdi32.lib winspool.lib comdlg32.lib advapi32.lib shell32.lib ole32.lib oleaut32.lib uuid.lib odbc32.lib odbccp32.lib /MANIFEST /MANIFESTUAC:"level='asInvoker' uiAccess='false'" /manifest:embed /DEBUG /PDB:".\Debug\rec_single_average.pdb" /SUBSYSTEM:CONSOLE /TLBID:1 /DYNAMICBASE /NXCOMPAT /IMPLIB:".\Debug\rec_single_average.lib" /MACHINE:X86 /SAFESEH .\Debug\spcm_ostools_win.obj
         .\Debug\spcm_lib_card.obj
         .\Debug\spcm_lib_data.obj
         .\Debug\spcm_lib_thread.obj
         .\Debug\IQdm.obj
         .\Debug\rec_single_average.obj
         ..\c_header\spcm_win32_msvcpp.lib
         LINK : 没有找到 .\Debug\rec_single_average.exe 或上一个增量链接没有生成它；正在执行完全链接
     1>spcm_ostools_win.obj : warning LNK4075: 忽略“/EDITANDCONTINUE”(由于“/SAFESEH”规范)
         rec_single_average.vcxproj -> D:\DAQcard\rec_fifo_single\.\Debug\rec_single_average.exe
     1>已完成生成项目“D:\DAQcard\rec_fifo_single\rec_single_average.vcxproj”(Build 个目标)的操作。

生成成功。

已用时间 00:00:15.43
